<?xml version="1.0" encoding="UTF-8"?>
<!-- Generated by org.testng.reporters.JUnitReportReporter -->
<testsuite skipped="0" hostname="DESKTOP-118273O" name="com.GoRestApi.PostBDD" tests="1" failures="0" timestamp="16 Jul 2020 14:16:45 GMT" time="3.484" errors="0">
  <testcase name="postCallBddApproach_Test" time="3.484" classname="com.GoRestApi.PostBDD"/>
</testsuite> <!-- com.GoRestApi.PostBDD -->
