<?xml version="1.0" encoding="UTF-8"?>
<!-- Generated by org.testng.reporters.JUnitReportReporter -->
<testsuite skipped="0" hostname="DESKTOP-118273O" name="com.GetApi.GetBDD" tests="4" failures="0" timestamp="13 Jul 2020 10:08:26 GMT" time="5.768" errors="0">
  <testcase name="getCircuitListTest" time="0.515" classname="com.GetApi.GetBDD"/>
  <testcase name="getCircuitListTest" time="4.513" classname="com.GetApi.GetBDD"/>
  <testcase name="getCircuitListTest_2" time="0.403" classname="com.GetApi.GetBDD"/>
  <testcase name="getCircuitTest_1" time="0.337" classname="com.GetApi.GetBDD"/>
</testsuite> <!-- com.GetApi.GetBDD -->
