<?xml version="1.0" encoding="UTF-8"?>
<!-- Generated by org.testng.reporters.JUnitReportReporter -->
<testsuite skipped="0" hostname="DESKTOP-118273O" name="com.GoRestApi.PostCallUsingPojo" tests="1" failures="0" timestamp="17 Jul 2020 06:40:45 GMT" time="0.528" errors="0">
  <testcase name="createUser_Pojo_Test" time="0.528" classname="com.GoRestApi.PostCallUsingPojo"/>
</testsuite> <!-- com.GoRestApi.PostCallUsingPojo -->
