<?xml version="1.0" encoding="UTF-8"?>
<!-- Generated by org.testng.reporters.JUnitReportReporter -->
<testsuite skipped="0" hostname="DESKTOP-118273O" name="ChickenCoopApi.ChickenCoopApiTest" tests="1" failures="0" timestamp="15 Jul 2020 05:56:08 GMT" time="4.955" errors="0">
  <testcase name="ChickenCoop_GenerateTokenid" time="4.955" classname="ChickenCoopApi.ChickenCoopApiTest"/>
</testsuite> <!-- ChickenCoopApi.ChickenCoopApiTest -->
