<?xml version="1.0" encoding="UTF-8"?>
<!-- Generated by org.testng.reporters.JUnitReportReporter -->
<testsuite skipped="0" hostname="DESKTOP-118273O" name="ResponseBuilder.ResponseBuilderTest" tests="1" failures="0" timestamp="16 Jul 2020 12:14:18 GMT" time="4.374" errors="0">
  <testcase name="ResponseSpecTest" time="4.374" classname="ResponseBuilder.ResponseBuilderTest"/>
</testsuite> <!-- ResponseBuilder.ResponseBuilderTest -->
