<?xml version="1.0" encoding="UTF-8"?>
<!-- Generated by org.testng.reporters.JUnitReportReporter -->
<testsuite skipped="0" hostname="DESKTOP-118273O" name="com.Put.goRest.PutTest" tests="1" failures="0" timestamp="23 Jul 2020 06:32:13 GMT" time="15.148" errors="0">
  <testcase name="put_GoRestTest" time="15.148" classname="com.Put.goRest.PutTest"/>
</testsuite> <!-- com.Put.goRest.PutTest -->
